Invalid Parameter for Val
Invalid Parameter: int or Integer expected
uchicago.src.reflector.InvokerException: Invalid Parameter: int or Integer expected
	at uchicago.src.reflector.DoubleArgInvoker.check(Unknown Source)
	at uchicago.src.reflector.Invoker.execute(Unknown Source)
	at uchicago.src.reflector.Introspector.invokeSetMethod(Unknown Source)
	at uchicago.src.reflector.IntrospectPanel.actionPerformed(Unknown Source)
	at javax.swing.JTextField.fireActionPerformed(JTextField.java:492)
	at uchicago.src.reflector.PropertyTextField.access$000(Unknown Source)
	at uchicago.src.reflector.PropertyTextField$1.focusLost(Unknown Source)
	at java.awt.AWTEventMulticaster.focusLost(AWTEventMulticaster.java:213)
	at java.awt.Component.processFocusEvent(Component.java:6306)
	at java.awt.Component.processEvent(Component.java:6170)
	at java.awt.Container.processEvent(Container.java:2084)
	at java.awt.Component.dispatchEventImpl(Component.java:4776)
	at java.awt.Container.dispatchEventImpl(Container.java:2142)
	at java.awt.Component.dispatchEvent(Component.java:4604)
	at java.awt.KeyboardFocusManager.redispatchEvent(KeyboardFocusManager.java:1856)
	at java.awt.DefaultKeyboardFocusManager.typeAheadAssertions(DefaultKeyboardFocusManager.java:920)
	at java.awt.DefaultKeyboardFocusManager.dispatchEvent(DefaultKeyboardFocusManager.java:578)
	at java.awt.Component.dispatchEventImpl(Component.java:4648)
	at java.awt.Container.dispatchEventImpl(Container.java:2142)
	at java.awt.Component.dispatchEvent(Component.java:4604)
	at java.awt.EventQueue.dispatchEventImpl(EventQueue.java:717)
	at java.awt.EventQueue.access$400(EventQueue.java:82)
	at java.awt.EventQueue$2.run(EventQueue.java:676)
	at java.awt.EventQueue$2.run(EventQueue.java:674)
	at java.security.AccessController.doPrivileged(Native Method)
	at java.security.AccessControlContext$1.doIntersectionPrivilege(AccessControlContext.java:86)
	at java.security.AccessControlContext$1.doIntersectionPrivilege(AccessControlContext.java:97)
	at java.awt.EventQueue$3.run(EventQueue.java:690)
	at java.awt.EventQueue$3.run(EventQueue.java:688)
	at java.security.AccessController.doPrivileged(Native Method)
	at java.security.AccessControlContext$1.doIntersectionPrivilege(AccessControlContext.java:86)
	at java.awt.EventQueue.dispatchEvent(EventQueue.java:687)
	at java.awt.SentEvent.dispatch(SentEvent.java:55)
	at java.awt.DefaultKeyboardFocusManager$DefaultKeyboardFocusManagerSentEvent.dispatch(DefaultKeyboardFocusManager.java:193)
	at java.awt.DefaultKeyboardFocusManager.sendMessage(DefaultKeyboardFocusManager.java:220)
	at java.awt.DefaultKeyboardFocusManager.dispatchEvent(DefaultKeyboardFocusManager.java:645)
	at java.awt.Component.dispatchEventImpl(Component.java:4648)
	at java.awt.Container.dispatchEventImpl(Container.java:2142)
	at java.awt.Window.dispatchEventImpl(Window.java:2492)
	at java.awt.Component.dispatchEvent(Component.java:4604)
	at java.awt.EventQueue.dispatchEventImpl(EventQueue.java:717)
	at java.awt.EventQueue.access$400(EventQueue.java:82)
	at java.awt.EventQueue$2.run(EventQueue.java:676)
	at java.awt.EventQueue$2.run(EventQueue.java:674)
	at java.security.AccessController.doPrivileged(Native Method)
	at java.security.AccessControlContext$1.doIntersectionPrivilege(AccessControlContext.java:86)
	at java.security.AccessControlContext$1.doIntersectionPrivilege(AccessControlContext.java:97)
	at java.awt.EventQueue$3.run(EventQueue.java:690)
	at java.awt.EventQueue$3.run(EventQueue.java:688)
	at java.security.AccessController.doPrivileged(Native Method)
	at java.security.AccessControlContext$1.doIntersectionPrivilege(AccessControlContext.java:86)
	at java.awt.EventQueue.dispatchEvent(EventQueue.java:687)
	at java.awt.SequencedEvent.dispatch(SequencedEvent.java:101)
	at java.awt.EventQueue.dispatchEventImpl(EventQueue.java:715)
	at java.awt.EventQueue.access$400(EventQueue.java:82)
	at java.awt.EventQueue$2.run(EventQueue.java:676)
	at java.awt.EventQueue$2.run(EventQueue.java:674)
	at java.security.AccessController.doPrivileged(Native Method)
	at java.security.AccessControlContext$1.doIntersectionPrivilege(AccessControlContext.java:86)
	at java.security.AccessControlContext$1.doIntersectionPrivilege(AccessControlContext.java:97)
	at java.awt.EventQueue$3.run(EventQueue.java:690)
	at java.awt.EventQueue$3.run(EventQueue.java:688)
	at java.security.AccessController.doPrivileged(Native Method)
	at java.security.AccessControlContext$1.doIntersectionPrivilege(AccessControlContext.java:86)
	at java.awt.EventQueue.dispatchEvent(EventQueue.java:687)
	at java.awt.EventDispatchThread.pumpOneEventForFilters(EventDispatchThread.java:296)
	at java.awt.EventDispatchThread.pumpEventsForFilter(EventDispatchThread.java:211)
	at java.awt.EventDispatchThread.pumpEventsForHierarchy(EventDispatchThread.java:201)
	at java.awt.EventDispatchThread.pumpEvents(EventDispatchThread.java:196)
	at java.awt.EventDispatchThread.pumpEvents(EventDispatchThread.java:188)
	at java.awt.EventDispatchThread.run(EventDispatchThread.java:122)
